This is pdfTeX, Version 3.14159265-2.6-1.40.19 (MiKTeX 2.9.6840 64-bit) (preloaded format=pdflatex 2018.11.29)  29 NOV 2018 23:49
entering extended mode
**./sprawko.tex
(sprawko.tex
LaTeX2e <2018-04-01> patch level 5
("D:\Program Files\MiKTeX 2.9\tex\latex\base\article.cls"
Document Class: article 2014/09/29 v1.4h Standard LaTeX document class
("D:\Program Files\MiKTeX 2.9\tex\latex\base\size10.clo"
File: size10.clo 2014/09/29 v1.4h Standard LaTeX file (size option)
)
\c@part=\count80
\c@section=\count81
\c@subsection=\count82
\c@subsubsection=\count83
\c@paragraph=\count84
\c@subparagraph=\count85
\c@figure=\count86
\c@table=\count87
\abovecaptionskip=\skip41
\belowcaptionskip=\skip42
\bibindent=\dimen102
)
("D:\Program Files\MiKTeX 2.9\tex\latex\amsmath\amsmath.sty"
Package: amsmath 2017/09/02 v2.17a AMS math features
\@mathmargin=\skip43

For additional information on amsmath, use the `?' option.
("D:\Program Files\MiKTeX 2.9\tex\latex\amsmath\amstext.sty"
Package: amstext 2000/06/29 v2.01 AMS text

("D:\Program Files\MiKTeX 2.9\tex\latex\amsmath\amsgen.sty"
File: amsgen.sty 1999/11/30 v2.0 generic functions
\@emptytoks=\toks14
\ex@=\dimen103
))
("D:\Program Files\MiKTeX 2.9\tex\latex\amsmath\amsbsy.sty"
Package: amsbsy 1999/11/29 v1.2d Bold Symbols
\pmbraise@=\dimen104
)
("D:\Program Files\MiKTeX 2.9\tex\latex\amsmath\amsopn.sty"
Package: amsopn 2016/03/08 v2.02 operator names
)
\inf@bad=\count88
LaTeX Info: Redefining \frac on input line 213.
\uproot@=\count89
\leftroot@=\count90
LaTeX Info: Redefining \overline on input line 375.
\classnum@=\count91
\DOTSCASE@=\count92
LaTeX Info: Redefining \ldots on input line 472.
LaTeX Info: Redefining \dots on input line 475.
LaTeX Info: Redefining \cdots on input line 596.
\Mathstrutbox@=\box26
\strutbox@=\box27
\big@size=\dimen105
LaTeX Font Info:    Redeclaring font encoding OML on input line 712.
LaTeX Font Info:    Redeclaring font encoding OMS on input line 713.
\macc@depth=\count93
\c@MaxMatrixCols=\count94
\dotsspace@=\muskip10
\c@parentequation=\count95
\dspbrk@lvl=\count96
\tag@help=\toks15
\row@=\count97
\column@=\count98
\maxfields@=\count99
\andhelp@=\toks16
\eqnshift@=\dimen106
\alignsep@=\dimen107
\tagshift@=\dimen108
\tagwidth@=\dimen109
\totwidth@=\dimen110
\lineht@=\dimen111
\@envbody=\toks17
\multlinegap=\skip44
\multlinetaggap=\skip45
\mathdisplay@stack=\toks18
LaTeX Info: Redefining \[ on input line 2817.
LaTeX Info: Redefining \] on input line 2818.
)
("D:\Program Files\MiKTeX 2.9\tex\latex\graphics\graphicx.sty"
Package: graphicx 2017/06/01 v1.1a Enhanced LaTeX Graphics (DPC,SPQR)

("D:\Program Files\MiKTeX 2.9\tex\latex\graphics\keyval.sty"
Package: keyval 2014/10/28 v1.15 key=value parser (DPC)
\KV@toks@=\toks19
)
("D:\Program Files\MiKTeX 2.9\tex\latex\graphics\graphics.sty"
Package: graphics 2017/06/25 v1.2c Standard LaTeX Graphics (DPC,SPQR)

("D:\Program Files\MiKTeX 2.9\tex\latex\graphics\trig.sty"
Package: trig 2016/01/03 v1.10 sin cos tan (DPC)
)
("D:\Program Files\MiKTeX 2.9\tex\latex\graphics-cfg\graphics.cfg"
File: graphics.cfg 2016/06/04 v1.11 sample graphics configuration
)
Package graphics Info: Driver file: pdftex.def on input line 99.

("D:\Program Files\MiKTeX 2.9\tex\latex\graphics-def\pdftex.def"
File: pdftex.def 2018/01/08 v1.0l Graphics/color driver for pdftex
))
\Gin@req@height=\dimen112
\Gin@req@width=\dimen113
)
(C:\Users\ewakl\AppData\Roaming\MiKTeX\2.9\tex\latex\caption\subcaption.sty
Package: subcaption 2018/05/01 v1.1-162 Sub-captions (AR)

(C:\Users\ewakl\AppData\Roaming\MiKTeX\2.9\tex\latex\caption\caption.sty
Package: caption 2018/10/06 v3.3-154 Customizing captions (AR)

(C:\Users\ewakl\AppData\Roaming\MiKTeX\2.9\tex\latex\caption\caption3.sty
Package: caption3 2018/09/12 v1.8c caption3 kernel (AR)
Package caption3 Info: TeX engine: e-TeX on input line 64.
\captionmargin=\dimen114
\captionmargin@=\dimen115
\captionwidth=\dimen116
\caption@tempdima=\dimen117
\caption@indent=\dimen118
\caption@parindent=\dimen119
\caption@hangindent=\dimen120
)
\c@caption@flags=\count100
\c@ContinuedFloat=\count101
)
\c@subfigure=\count102
\c@subtable=\count103
)
(C:\Users\ewakl\AppData\Roaming\MiKTeX\2.9\tex\latex\polski\polski.sty
Package: polski 2017/05/04 v1.3.4 Polish language package

   Switching to Polish text encoding and Polish maths fonts.
("D:\Program Files\MiKTeX 2.9\tex\latex\base\ot4enc.def"
File: ot4enc.def 2017/04/05 v2.0i Standard LaTeX file
Now handling font encoding OT4 ...
... no UTF-8 mapping file for font encoding OT4
)
LaTeX Font Info:    Try loading font information for OT4+cmr on input line 360.


(C:\Users\ewakl\AppData\Roaming\MiKTeX\2.9\tex\latex\polski\ot4cmr.fd
File: ot4cmr.fd 2008/02/24 v1.2.1 Font defs for fonts PL (MW)
)
LaTeX Font Info:    Overwriting math alphabet `\mathbf' in version `normal'
(Font)                  OT1/cmr/bx/n --> OT4/cmr/bx/n on input line 360.
LaTeX Font Info:    Overwriting math alphabet `\mathsf' in version `normal'
(Font)                  OT1/cmss/m/n --> OT4/cmss/m/n on input line 360.
LaTeX Font Info:    Overwriting math alphabet `\mathit' in version `normal'
(Font)                  OT1/cmr/m/it --> OT4/cmr/m/it on input line 360.
LaTeX Font Info:    Overwriting math alphabet `\mathtt' in version `normal'
(Font)                  OT1/cmtt/m/n --> OT4/cmtt/m/n on input line 360.
LaTeX Font Info:    Overwriting math alphabet `\mathsf' in version `bold'
(Font)                  OT1/cmss/bx/n --> OT4/cmss/bx/n on input line 360.
LaTeX Font Info:    Overwriting math alphabet `\mathit' in version `bold'
(Font)                  OT1/cmr/bx/it --> OT4/cmr/bx/it on input line 360.
LaTeX Font Info:    Encoding `OT1' has changed to `OT4' for symbol font
(Font)              `operators' in the math version `normal' on input line 360.

LaTeX Font Info:    Overwriting symbol font `operators' in version `normal'
(Font)                  OT1/cmr/m/n --> OT4/cmr/m/n on input line 360.
LaTeX Font Info:    Overwriting symbol font `letters' in version `normal'
(Font)                  OML/cmm/m/it --> OML/plm/m/it on input line 360.
LaTeX Font Info:    Overwriting symbol font `symbols' in version `normal'
(Font)                  OMS/cmsy/m/n --> OMS/plsy/m/n on input line 360.
LaTeX Font Info:    Overwriting symbol font `largesymbols' in version `normal'
(Font)                  OMX/cmex/m/n --> OMX/plex/m/n on input line 360.
LaTeX Font Info:    Encoding `OT1' has changed to `OT4' for symbol font
(Font)              `operators' in the math version `bold' on input line 360.
LaTeX Font Info:    Overwriting symbol font `operators' in version `bold'
(Font)                  OT1/cmr/bx/n --> OT4/cmr/bx/n on input line 360.
LaTeX Font Info:    Overwriting symbol font `letters' in version `bold'
(Font)                  OML/cmm/b/it --> OML/plm/b/it on input line 360.
LaTeX Font Info:    Overwriting symbol font `symbols' in version `bold'
(Font)                  OMS/cmsy/b/n --> OMS/plsy/b/n on input line 360.
)
("D:\Program Files\MiKTeX 2.9\tex\latex\base\inputenc.sty"
Package: inputenc 2018/04/06 v1.3b Input encoding file
\inpenc@prehook=\toks20
\inpenc@posthook=\toks21
) (sprawko.aux)
\openout1 = `sprawko.aux'.

LaTeX Font Info:    Checking defaults for OML/cmm/m/it on input line 9.
LaTeX Font Info:    ... okay on input line 9.
LaTeX Font Info:    Checking defaults for T1/cmr/m/n on input line 9.
LaTeX Font Info:    ... okay on input line 9.
LaTeX Font Info:    Checking defaults for OT1/cmr/m/n on input line 9.
LaTeX Font Info:    ... okay on input line 9.
LaTeX Font Info:    Checking defaults for OMS/cmsy/m/n on input line 9.
LaTeX Font Info:    ... okay on input line 9.
LaTeX Font Info:    Checking defaults for OMX/cmex/m/n on input line 9.
LaTeX Font Info:    ... okay on input line 9.
LaTeX Font Info:    Checking defaults for U/cmr/m/n on input line 9.
LaTeX Font Info:    ... okay on input line 9.
LaTeX Font Info:    Checking defaults for OT4/cmr/m/n on input line 9.
LaTeX Font Info:    ... okay on input line 9.

(C:\Users\ewakl\AppData\Roaming\MiKTeX\2.9\tex\context\base\supp-pdf.mkii
[Loading MPS to PDF converter (version 2006.09.02).]
\scratchcounter=\count104
\scratchdimen=\dimen121
\scratchbox=\box28
\nofMPsegments=\count105
\nofMParguments=\count106
\everyMPshowfont=\toks22
\MPscratchCnt=\count107
\MPscratchDim=\dimen122
\MPnumerator=\count108
\makeMPintoPDFobject=\count109
\everyMPtoPDFconversion=\toks23
) ("D:\Program Files\MiKTeX 2.9\tex\latex\oberdiek\epstopdf-base.sty"
Package: epstopdf-base 2016/05/15 v2.6 Base part for package epstopdf

("D:\Program Files\MiKTeX 2.9\tex\generic\oberdiek\infwarerr.sty"
Package: infwarerr 2016/05/16 v1.4 Providing info/warning/error messages (HO)
)
("D:\Program Files\MiKTeX 2.9\tex\latex\oberdiek\grfext.sty"
Package: grfext 2016/05/16 v1.2 Manage graphics extensions (HO)

("D:\Program Files\MiKTeX 2.9\tex\generic\oberdiek\kvdefinekeys.sty"
Package: kvdefinekeys 2016/05/16 v1.4 Define keys (HO)

("D:\Program Files\MiKTeX 2.9\tex\generic\oberdiek\ltxcmds.sty"
Package: ltxcmds 2016/05/16 v1.23 LaTeX kernel commands for general use (HO)
)))
("D:\Program Files\MiKTeX 2.9\tex\latex\oberdiek\kvoptions.sty"
Package: kvoptions 2016/05/16 v3.12 Key value format for package options (HO)

("D:\Program Files\MiKTeX 2.9\tex\generic\oberdiek\kvsetkeys.sty"
Package: kvsetkeys 2016/05/16 v1.17 Key value parser (HO)

("D:\Program Files\MiKTeX 2.9\tex\generic\oberdiek\etexcmds.sty"
Package: etexcmds 2016/05/16 v1.6 Avoid name clashes with e-TeX commands (HO)

("D:\Program Files\MiKTeX 2.9\tex\generic\oberdiek\ifluatex.sty"
Package: ifluatex 2016/05/16 v1.4 Provides the ifluatex switch (HO)
Package ifluatex Info: LuaTeX not detected.
)
Package etexcmds Info: Could not find \expanded.
(etexcmds)             That can mean that you are not using pdfTeX 1.50 or
(etexcmds)             that some package has redefined \expanded.
(etexcmds)             In the latter case, load this package earlier.
)))
("D:\Program Files\MiKTeX 2.9\tex\generic\oberdiek\pdftexcmds.sty"
Package: pdftexcmds 2018/09/10 v0.29 Utility functions of pdfTeX for LuaTeX (HO
)

("D:\Program Files\MiKTeX 2.9\tex\generic\oberdiek\ifpdf.sty"
Package: ifpdf 2018/09/07 v3.3 Provides the ifpdf switch
)
Package pdftexcmds Info: LuaTeX not detected.
Package pdftexcmds Info: \pdf@primitive is available.
Package pdftexcmds Info: \pdf@ifprimitive is available.
Package pdftexcmds Info: \pdfdraftmode found.
)
Package epstopdf-base Info: Redefining graphics rule for `.eps' on input line 4
38.
Package grfext Info: Graphics extension search list:
(grfext)             [.pdf,.png,.jpg,.mps,.jpeg,.jbig2,.jb2,.PDF,.PNG,.JPG,.JPE
G,.JBIG2,.JB2,.eps]
(grfext)             \AppendGraphicsExtensions on input line 456.
)
Package caption Info: Begin \AtBeginDocument code.
Package caption Info: End \AtBeginDocument code.
LaTeX Font Info:    Try loading font information for OML+plm on input line 14.

(C:\Users\ewakl\AppData\Roaming\MiKTeX\2.9\tex\latex\polski\omlplm.fd
File: omlplm.fd 2008/02/24 v1.2.1 Font defs for fonts PL (MW)
)
LaTeX Font Info:    Try loading font information for OMS+plsy on input line 14.


(C:\Users\ewakl\AppData\Roaming\MiKTeX\2.9\tex\latex\polski\omsplsy.fd
File: omsplsy.fd 2008/02/24 v1.2.1 Font defs for fonts PL (MW)
)
LaTeX Font Info:    Try loading font information for OMX+plex on input line 14.


(C:\Users\ewakl\AppData\Roaming\MiKTeX\2.9\tex\latex\polski\omxplex.fd
File: omxplex.fd 2008/02/24 v1.2.1 Font defs for fonts PL (MW)
)
LaTeX Font Info:    External font `plex10' loaded for size
(Font)              <12> on input line 14.
LaTeX Font Info:    External font `plex10' loaded for size
(Font)              <8> on input line 14.
LaTeX Font Info:    External font `plex10' loaded for size
(Font)              <6> on input line 14.
<podzial.png, id=1, 321.2pt x 145.54375pt>
File: podzial.png Graphic file (type png)
<use podzial.png>
Package pdftex.def Info: podzial.png  used on input line 26.
(pdftex.def)             Requested size: 241.49895pt x 109.4329pt.

[1

{C:/Users/ewakl/AppData/Local/MiKTeX/2.9/pdftex/config/pdftex.map} <./podzial.p
ng>]
<histereza.png, id=13, 666.49pt x 497.86pt>
File: histereza.png Graphic file (type png)
<use histereza.png>
Package pdftex.def Info: histereza.png  used on input line 37.
(pdftex.def)             Requested size: 199.94853pt x 149.35915pt.
LaTeX Font Info:    External font `plex10' loaded for size
(Font)              <10> on input line 44.
LaTeX Font Info:    External font `plex10' loaded for size
(Font)              <7> on input line 44.
LaTeX Font Info:    External font `plex10' loaded for size
(Font)              <5> on input line 44.
 [2 <./histereza.png>]
<setup1.png, id=18, 942.52126pt x 584.1825pt>
File: setup1.png Graphic file (type png)
<use setup1.png>
Package pdftex.def Info: setup1.png  used on input line 59.
(pdftex.def)             Requested size: 241.49895pt x 149.68213pt.


LaTeX Warning: `!h' float specifier changed to `!ht'.

<setup3.png, id=19, 1031.855pt x 421.575pt>
File: setup3.png Graphic file (type png)
<use setup3.png>
Package pdftex.def Info: setup3.png  used on input line 70.
(pdftex.def)             Requested size: 276.00105pt x 112.75893pt.
[3]
<setup2.png, id=28, 672.5125pt x 523.9575pt>
File: setup2.png Graphic file (type png)
<use setup2.png>
Package pdftex.def Info: setup2.png  used on input line 81.
(pdftex.def)             Requested size: 241.49895pt x 188.15285pt.


LaTeX Warning: `!h' float specifier changed to `!ht'.

[4 <./setup1.png> <./setup3.png>] [5 <./setup2.png>]
<Graph31.jpg, id=39, 844.8363pt x 597.432pt>
File: Graph31.jpg Graphic file (type jpg)
<use Graph31.jpg>
Package pdftex.def Info: Graph31.jpg  used on input line 101.
(pdftex.def)             Requested size: 276.00105pt x 195.17497pt.
 [6 <./Graph31.jpg>]
<Graph28.png, id=43, 844.8363pt x 597.49222pt>
File: Graph28.png Graphic file (type png)
<use Graph28.png>
Package pdftex.def Info: Graph28.png  used on input line 128.
(pdftex.def)             Requested size: 276.00105pt x 195.19466pt.
<Graph29.png, id=44, 844.8363pt x 597.49222pt>
File: Graph29.png Graphic file (type png)
<use Graph29.png>
Package pdftex.def Info: Graph29.png  used on input line 134.
(pdftex.def)             Requested size: 276.00105pt x 195.19466pt.


LaTeX Warning: `!h' float specifier changed to `!ht'.

<Graph30.png, id=45, 844.8363pt x 597.49222pt>
File: Graph30.png Graphic file (type png)
<use Graph30.png>
Package pdftex.def Info: Graph30.png  used on input line 146.
(pdftex.def)             Requested size: 276.00105pt x 195.19466pt.

LaTeX Warning: `!h' float specifier changed to `!ht'.

[7 <./Graph28.png>] [8 <./Graph29.png> <./Graph30.png>]
<wyk1.png, id=56, 523.9575pt x 287.0725pt>
File: wyk1.png Graphic file (type png)
<use wyk1.png>
Package pdftex.def Info: wyk1.png  used on input line 158.
(pdftex.def)             Requested size: 169.0519pt x 92.61848pt.
<wyk2.png, id=57, 483.8075pt x 289.08pt>
File: wyk2.png Graphic file (type png)
<use wyk2.png>
Package pdftex.def Info: wyk2.png  used on input line 162.
(pdftex.def)             Requested size: 169.0519pt x 101.01189pt.
<wyk3.png, id=58, 538.01pt x 290.08376pt>
File: wyk3.png Graphic file (type png)
<use wyk3.png>
Package pdftex.def Info: wyk3.png  used on input line 177.
(pdftex.def)             Requested size: 241.49895pt x 130.20892pt.


LaTeX Warning: `!h' float specifier changed to `!ht'.

<wyk4.png, id=59, 481.8pt x 289.08pt>
File: wyk4.png Graphic file (type png)
<use wyk4.png>
Package pdftex.def Info: wyk4.png  used on input line 194.
(pdftex.def)             Requested size: 169.0519pt x 101.43094pt.
<wyk5.png, id=60, 501.875pt x 287.0725pt>
File: wyk5.png Graphic file (type png)
<use wyk5.png>
Package pdftex.def Info: wyk5.png  used on input line 198.
(pdftex.def)             Requested size: 169.0519pt x 96.69661pt.

LaTeX Warning: `!h' float specifier changed to `!ht'.

<wyk6.png, id=61, 570.13pt x 289.08pt>
File: wyk6.png Graphic file (type png)
<use wyk6.png>
Package pdftex.def Info: wyk6.png  used on input line 217.
(pdftex.def)             Requested size: 169.0519pt x 85.71454pt.
<wyk7.png, id=62, 566.115pt x 289.08pt>
File: wyk7.png Graphic file (type png)
<use wyk7.png>
Package pdftex.def Info: wyk7.png  used on input line 221.
(pdftex.def)             Requested size: 169.0519pt x 86.32326pt.

LaTeX Warning: `!h' float specifier changed to `!ht'.

[9 <./wyk1.png> <./wyk2.png>]

LaTeX Warning: Text page 10 contains only floats.

[10 <./wyk3.png> <./wyk4.png (PNG copy)> <./wyk5.png (PNG copy)> <./wyk6.png (P
NG copy)> <./wyk7.png (PNG copy)>]
<wyk9.png, id=73, 524.96124pt x 289.08pt>
File: wyk9.png Graphic file (type png)
<use wyk9.png>
Package pdftex.def Info: wyk9.png  used on input line 242.
(pdftex.def)             Requested size: 169.0519pt x 93.08974pt.
<wyk8.png, id=74, 538.01pt x 289.08pt>
File: wyk8.png Graphic file (type png)
<use wyk8.png>
Package pdftex.def Info: wyk8.png  used on input line 246.
(pdftex.def)             Requested size: 169.0519pt x 90.8313pt.
<wyk10.png, id=75, 567.11874pt x 289.08pt>
File: wyk10.png Graphic file (type png)
<use wyk10.png>
Package pdftex.def Info: wyk10.png  used on input line 258.
(pdftex.def)             Requested size: 169.0519pt x 86.16887pt.
<wyk11.png, id=76, 564.1075pt x 313.17pt>
File: wyk11.png Graphic file (type png)
<use wyk11.png>
Package pdftex.def Info: wyk11.png  used on input line 262.
(pdftex.def)             Requested size: 169.0519pt x 93.85136pt.


LaTeX Warning: `!h' float specifier changed to `!ht'.

<wykD1.png, id=77, 628.3475pt x 307.1475pt>
File: wykD1.png Graphic file (type png)
<use wykD1.png>
Package pdftex.def Info: wykD1.png  used on input line 275.
(pdftex.def)             Requested size: 241.49895pt x 118.04828pt.

LaTeX Warning: `!h' float specifier changed to `!ht'.

<wykD2.png, id=78, 627.34375pt x 273.02pt>
File: wykD2.png Graphic file (type png)
<use wykD2.png>
Package pdftex.def Info: wykD2.png  used on input line 282.
(pdftex.def)             Requested size: 241.49895pt x 105.1026pt.

LaTeX Warning: `!h' float specifier changed to `!ht'.

[11 <./wyk9.png> <./wyk8.png>] [12 <./wyk10.png> <./wyk11.png> <./wykD1.png> <.
/wykD2.png>]
<wykD3.png, id=91, 625.33624pt x 323.2075pt>
File: wykD3.png Graphic file (type png)
<use wykD3.png>
Package pdftex.def Info: wykD3.png  used on input line 291.
(pdftex.def)             Requested size: 241.49895pt x 124.81747pt.
<wykD4.png, id=92, 688.5725pt x 324.21124pt>
File: wykD4.png Graphic file (type png)
<use wykD4.png>
Package pdftex.def Info: wykD4.png  used on input line 298.
(pdftex.def)             Requested size: 241.49895pt x 113.70815pt.
<wykD5.png, id=93, 631.35875pt x 320.19624pt>
File: wykD5.png Graphic file (type png)
<use wykD5.png>
Package pdftex.def Info: wykD5.png  used on input line 307.
(pdftex.def)             Requested size: 241.49895pt x 122.4771pt.


LaTeX Warning: `!h' float specifier changed to `!ht'.

<wykD6.png, id=94, 645.41125pt x 324.21124pt>
File: wykD6.png Graphic file (type png)
<use wykD6.png>
Package pdftex.def Info: wykD6.png  used on input line 314.
(pdftex.def)             Requested size: 241.49895pt x 121.31177pt.

LaTeX Warning: `!h' float specifier changed to `!ht'.

[13 <./wykD3.png> <./wykD4.png>] [14 <./wykD5.png> <./wykD6.png>] [15]
(sprawko.aux) ) 
Here is how much of TeX's memory you used:
 3619 strings out of 492970
 54005 string characters out of 3135854
 123174 words of memory out of 3000000
 7417 multiletter control sequences out of 15000+200000
 14315 words of font info for 40 fonts, out of 3000000 for 9000
 1141 hyphenation exceptions out of 8191
 42i,7n,40p,1139b,459s stack positions out of 5000i,500n,10000p,200000b,50000s
{C:/Users/ewakl/AppData/Roaming/MiKTeX/2.9/fonts/enc/dvips/pl/pl
rm.enc}{C:/Users/ewakl/AppData/Roaming/MiKTeX/2.9/fonts/enc/dvips/pl/plms.enc}{
C:/Users/ewakl/AppData/Roaming/MiKTeX/2.9/fonts/enc/dvips/pl/plit.enc}{C:/Users
/ewakl/AppData/Roaming/MiKTeX/2.9/fonts/enc/dvips/pl/plmi.enc}<C:/Users/ewakl/A
ppData/Roaming/MiKTeX/2.9/fonts/type1/public/pl/plbx10.pfb><C:/Users/ewakl/AppD
ata/Roaming/MiKTeX/2.9/fonts/type1/public/pl/plbx12.pfb><C:/Users/ewakl/AppData
/Roaming/MiKTeX/2.9/fonts/type1/public/pl/plmi10.pfb><C:/Users/ewakl/AppData/Ro
aming/MiKTeX/2.9/fonts/type1/public/pl/plmi7.pfb><C:/Users/ewakl/AppData/Roamin
g/MiKTeX/2.9/fonts/type1/public/pl/plr10.pfb><C:/Users/ewakl/AppData/Roaming/Mi
KTeX/2.9/fonts/type1/public/pl/plr12.pfb><C:/Users/ewakl/AppData/Roaming/MiKTeX
/2.9/fonts/type1/public/pl/plr17.pfb><C:/Users/ewakl/AppData/Roaming/MiKTeX/2.9
/fonts/type1/public/pl/plr7.pfb><C:/Users/ewakl/AppData/Roaming/MiKTeX/2.9/font
s/type1/public/pl/plr9.pfb><C:/Users/ewakl/AppData/Roaming/MiKTeX/2.9/fonts/typ
e1/public/pl/plsy10.pfb><C:/Users/ewakl/AppData/Roaming/MiKTeX/2.9/fonts/type1/
public/pl/plsy7.pfb><C:/Users/ewakl/AppData/Roaming/MiKTeX/2.9/fonts/type1/publ
ic/pl/plti10.pfb>
Output written on sprawko.pdf (15 pages, 3396386 bytes).
PDF statistics:
 151 PDF objects out of 1000 (max. 8388607)
 0 named destinations out of 1000 (max. 500000)
 131 words of extra memory for PDF output out of 10000 (max. 10000000)

